# JRE version: Java(TM) SE Runtime Environment (8.0_191-b12) (build 1.8.0_191-b12)
# Java VM: Java HotSpot(TM) 64-Bit Server VM (25.191-b12 mixed mode linux-amd64 compressed oops)
Heap:
 PSYoungGen      total 228352K, used 123558K [0x00000000d6e00000, 0x00000000eaf00000, 0x0000000100000000)
  eden space 190976K, 45% used [0x00000000d6e00000,0x00000000dc256050,0x00000000e2880000)
  from space 37376K, 99% used [0x00000000e8a80000,0x00000000eaed3810,0x00000000eaf00000)
  to   space 50688K, 0% used [0x00000000e4c00000,0x00000000e4c00000,0x00000000e7d80000)
 ParOldGen       total 152064K, used 80855K [0x0000000084a00000, 0x000000008de80000, 0x00000000d6e00000)
  object space 152064K, 53% used [0x0000000084a00000,0x00000000898f5db0,0x000000008de80000)
 Metaspace       used 19750K, capacity 20098K, committed 20352K, reserved 1067008K
  class space    used 2265K, capacity 2379K, committed 2432K, reserved 1048576K
GC Heap History (10 events):
Event: 2.740 GC heap before
{Heap before GC invocations=5 (full 0):
 PSYoungGen      total 68608K, used 68587K [0x00000000d6e00000, 0x00000000db600000, 0x0000000100000000)
  eden space 63488K, 100% used [0x00000000d6e00000,0x00000000dac00000,0x00000000dac00000)
  from space 5120K, 99% used [0x00000000db100000,0x00000000db5fae00,0x00000000db600000)
  to   space 5120K, 0% used [0x00000000dac00000,0x00000000dac00000,0x00000000db100000)
 ParOldGen       total 84992K, used 21701K [0x0000000084a00000, 0x0000000089d00000, 0x00000000d6e00000)
  object space 84992K, 25% used [0x0000000084a00000,0x0000000085f31668,0x0000000089d00000)
 Metaspace       used 15637K, capacity 15836K, committed 16256K, reserved 1062912K
  class space    used 1760K, capacity 1834K, committed 1920K, reserved 1048576K
Event: 2.766 GC heap after
Heap after GC invocations=5 (full 0):
 PSYoungGen      total 68608K, used 5088K [0x00000000d6e00000, 0x00000000e1c00000, 0x0000000100000000)
  eden space 63488K, 0% used [0x00000000d6e00000,0x00000000d6e00000,0x00000000dac00000)
  from space 5120K, 99% used [0x00000000dac00000,0x00000000db0f80d0,0x00000000db100000)
  to   space 25600K, 0% used [0x00000000e0300000,0x00000000e0300000,0x00000000e1c00000)
 ParOldGen       total 84992K, used 41145K [0x0000000084a00000, 0x0000000089d00000, 0x00000000d6e00000)
  object space 84992K, 48% used [0x0000000084a00000,0x000000008722e7b8,0x0000000089d00000)
 Metaspace       used 15637K, capacity 15836K, committed 16256K, reserved 1062912K
  class space    used 1760K, capacity 1834K, committed 1920K, reserved 1048576K
}
Event: 3.332 GC heap before
{Heap before GC invocations=6 (full 0):
 PSYoungGen      total 68608K, used 68576K [0x00000000d6e00000, 0x00000000e1c00000, 0x0000000100000000)
  eden space 63488K, 100% used [0x00000000d6e00000,0x00000000dac00000,0x00000000dac00000)
  from space 5120K, 99% used [0x00000000dac00000,0x00000000db0f80d0,0x00000000db100000)
  to   space 25600K, 0% used [0x00000000e0300000,0x00000000e0300000,0x00000000e1c00000)
 ParOldGen       total 84992K, used 41151K [0x0000000084a00000, 0x0000000089d00000, 0x00000000d6e00000)
  object space 84992K, 48% used [0x0000000084a00000,0x000000008722fcb0,0x0000000089d00000)
 Metaspace       used 15648K, capacity 15900K, committed 16256K, reserved 1062912K
  class space    used 1760K, capacity 1834K, committed 1920K, reserved 1048576K
Event: 3.375 GC heap after
Heap after GC invocations=6 (full 0):
 PSYoungGen      total 147968K, used 24573K [0x00000000d6e00000, 0x00000000e2500000, 0x0000000100000000)
  eden space 122368K, 0% used [0x00000000d6e00000,0x00000000d6e00000,0x00000000de580000)
  from space 25600K, 95% used [0x00000000e0300000,0x00000000e1aff538,0x00000000e1c00000)
  to   space 30208K, 0% used [0x00000000de580000,0x00000000de580000,0x00000000e0300000)
 ParOldGen       total 84992K, used 41159K [0x0000000084a00000, 0x0000000089d00000, 0x00000000d6e00000)
  object space 84992K, 48% used [0x0000000084a00000,0x0000000087231cb0,0x0000000089d00000)
 Metaspace       used 15648K, capacity 15900K, committed 16256K, reserved 1062912K
  class space    used 1760K, capacity 1834K, committed 1920K, reserved 1048576K
}
Event: 4.341 GC heap before
{Heap before GC invocations=7 (full 0):
 PSYoungGen      total 147968K, used 146941K [0x00000000d6e00000, 0x00000000e2500000, 0x0000000100000000)
  eden space 122368K, 100% used [0x00000000d6e00000,0x00000000de580000,0x00000000de580000)
  from space 25600K, 95% used [0x00000000e0300000,0x00000000e1aff538,0x00000000e1c00000)
  to   space 30208K, 0% used [0x00000000de580000,0x00000000de580000,0x00000000e0300000)
 ParOldGen       total 84992K, used 41159K [0x0000000084a00000, 0x0000000089d00000, 0x00000000d6e00000)
  object space 84992K, 48% used [0x0000000084a00000,0x0000000087231cb0,0x0000000089d00000)
 Metaspace       used 15648K, capacity 15900K, committed 16256K, reserved 1062912K
  class space    used 1760K, capacity 1834K, committed 1920K, reserved 1048576K
Event: 4.397 GC heap after
Heap after GC invocations=7 (full 0):
 PSYoungGen      total 152576K, used 30199K [0x00000000d6e00000, 0x00000000eb800000, 0x0000000100000000)
  eden space 122368K, 0% used [0x00000000d6e00000,0x00000000d6e00000,0x00000000de580000)
  from space 30208K, 99% used [0x00000000de580000,0x00000000e02fddc8,0x00000000e0300000)
  to   space 46592K, 0% used [0x00000000e8a80000,0x00000000e8a80000,0x00000000eb800000)
 ParOldGen       total 84992K, used 62922K [0x0000000084a00000, 0x0000000089d00000, 0x00000000d6e00000)
  object space 84992K, 74% used [0x0000000084a00000,0x0000000088772ba8,0x0000000089d00000)
 Metaspace       used 15648K, capacity 15900K, committed 16256K, reserved 1062912K
  class space    used 1760K, capacity 1834K, committed 1920K, reserved 1048576K
}
Event: 4.397 GC heap before
{Heap before GC invocations=8 (full 1):
 PSYoungGen      total 152576K, used 30199K [0x00000000d6e00000, 0x00000000eb800000, 0x0000000100000000)
  eden space 122368K, 0% used [0x00000000d6e00000,0x00000000d6e00000,0x00000000de580000)
  from space 30208K, 99% used [0x00000000de580000,0x00000000e02fddc8,0x00000000e0300000)
  to   space 46592K, 0% used [0x00000000e8a80000,0x00000000e8a80000,0x00000000eb800000)
 ParOldGen       total 84992K, used 62922K [0x0000000084a00000, 0x0000000089d00000, 0x00000000d6e00000)
  object space 84992K, 74% used [0x0000000084a00000,0x0000000088772ba8,0x0000000089d00000)
 Metaspace       used 15648K, capacity 15900K, committed 16256K, reserved 1062912K
  class space    used 1760K, capacity 1834K, committed 1920K, reserved 1048576K
Event: 4.556 GC heap after
Heap after GC invocations=8 (full 1):
 PSYoungGen      total 152576K, used 0K [0x00000000d6e00000, 0x00000000eb800000, 0x0000000100000000)
  eden space 122368K, 0% used [0x00000000d6e00000,0x00000000d6e00000,0x00000000de580000)
  from space 30208K, 0% used [0x00000000de580000,0x00000000de580000,0x00000000e0300000)
  to   space 46592K, 0% used [0x00000000e8a80000,0x00000000e8a80000,0x00000000eb800000)
 ParOldGen       total 152064K, used 80855K [0x0000000084a00000, 0x000000008de80000, 0x00000000d6e00000)
  object space 152064K, 53% used [0x0000000084a00000,0x00000000898f5db0,0x000000008de80000)
 Metaspace       used 15648K, capacity 15900K, committed 16256K, reserved 1062912K
  class space    used 1760K, capacity 1834K, committed 1920K, reserved 1048576K
}
Event: 5.192 GC heap before
{Heap before GC invocations=9 (full 1):
 PSYoungGen      total 152576K, used 122368K [0x00000000d6e00000, 0x00000000eb800000, 0x0000000100000000)
  eden space 122368K, 100% used [0x00000000d6e00000,0x00000000de580000,0x00000000de580000)
  from space 30208K, 0% used [0x00000000de580000,0x00000000de580000,0x00000000e0300000)
  to   space 46592K, 0% used [0x00000000e8a80000,0x00000000e8a80000,0x00000000eb800000)
 ParOldGen       total 152064K, used 80855K [0x0000000084a00000, 0x000000008de80000, 0x00000000d6e00000)
  object space 152064K, 53% used [0x0000000084a00000,0x00000000898f5db0,0x000000008de80000)
 Metaspace       used 15648K, capacity 15900K, committed 16256K, reserved 1062912K
  class space    used 1760K, capacity 1834K, committed 1920K, reserved 1048576K
Event: 5.220 GC heap after
Heap after GC invocations=9 (full 1):
 PSYoungGen      total 228352K, used 37198K [0x00000000d6e00000, 0x00000000eaf00000, 0x0000000100000000)
  eden space 190976K, 0% used [0x00000000d6e00000,0x00000000d6e00000,0x00000000e2880000)
  from space 37376K, 99% used [0x00000000e8a80000,0x00000000eaed3810,0x00000000eaf00000)
  to   space 50688K, 0% used [0x00000000e4c00000,0x00000000e4c00000,0x00000000e7d80000)
 ParOldGen       total 152064K, used 80855K [0x0000000084a00000, 0x000000008de80000, 0x00000000d6e00000)
  object space 152064K, 53% used [0x0000000084a00000,0x00000000898f5db0,0x000000008de80000)
 Metaspace       used 15648K, capacity 15900K, committed 16256K, reserved 1062912K
  class space    used 1760K, capacity 1834K, committed 1920K, reserved 1048576K
}

